<?xml version="1.0" encoding="windows-1252" standalone="no"?>
<!DOCTYPE log SYSTEM "logger.dtd">
<log>
<record>
  <date>2018-12-15T17:24:18</date>
  <millis>1544901858185</millis>
  <sequence>6</sequence>
  <logger>ESPlorer.ESPlorer</logger>
  <level>INFO</level>
  <class>ESPlorer.ESPlorer</class>
  <method>log</method>
  <thread>14</thread>
  <message>Load saved settings: Firmware:NodeMCU</message>
</record>
<record>
  <date>2018-12-15T17:24:18</date>
  <millis>1544901858517</millis>
  <sequence>7</sequence>
  <logger>ESPlorer.ESPlorer</logger>
  <level>INFO</level>
  <class>ESPlorer.ESPlorer</class>
  <method>log</method>
  <thread>14</thread>
  <message>Snippets: loading...</message>
</record>
<record>
  <date>2018-12-15T17:24:18</date>
  <millis>1544901858567</millis>
  <sequence>8</sequence>
  <logger>ESPlorer.ESPlorer</logger>
  <level>INFO</level>
  <class>ESPlorer.ESPlorer</class>
  <method>log</method>
  <thread>14</thread>
  <message>Snippets load: Success.</message>
</record>
<record>
  <date>2018-12-15T17:24:18</date>
  <millis>1544901858883</millis>
  <sequence>9</sequence>
  <logger>ESPlorer.ESPlorer</logger>
  <level>INFO</level>
  <class>ESPlorer.ESPlorer</class>
  <method>log</method>
  <thread>14</thread>
  <message>Set new color theme: Success.</message>
</record>
<record>
  <date>2018-12-15T17:24:18</date>
  <millis>1544901858917</millis>
  <sequence>10</sequence>
  <logger>ESPlorer.ESPlorer</logger>
  <level>INFO</level>
  <class>ESPlorer.ESPlorer</class>
  <method>log</method>
  <thread>14</thread>
  <message>Load saved settings: DONE.</message>
</record>
<record>
  <date>2018-12-15T17:24:18</date>
  <millis>1544901858917</millis>
  <sequence>11</sequence>
  <logger>ESPlorer.ESPlorer</logger>
  <level>INFO</level>
  <class>ESPlorer.ESPlorer</class>
  <method>log</method>
  <thread>14</thread>
  <message>Snippets: loading...</message>
</record>
<record>
  <date>2018-12-15T17:24:18</date>
  <millis>1544901858933</millis>
  <sequence>12</sequence>
  <logger>ESPlorer.ESPlorer</logger>
  <level>INFO</level>
  <class>ESPlorer.ESPlorer</class>
  <method>log</method>
  <thread>14</thread>
  <message>Snippets load: Success.</message>
</record>
<record>
  <date>2018-12-15T17:24:29</date>
  <millis>1544901869310</millis>
  <sequence>13</sequence>
  <logger>ESPlorer.ESPlorer</logger>
  <level>INFO</level>
  <class>ESPlorer.ESPlorer</class>
  <method>log</method>
  <thread>14</thread>
  <message>Scan system...</message>
</record>
<record>
  <date>2018-12-15T17:24:29</date>
  <millis>1544901869366</millis>
  <sequence>14</sequence>
  <logger>ESPlorer.ESPlorer</logger>
  <level>INFO</level>
  <class>ESPlorer.ESPlorer</class>
  <method>log</method>
  <thread>14</thread>
  <message>found last saved serial port COM3</message>
</record>
<record>
  <date>2018-12-15T17:24:29</date>
  <millis>1544901869385</millis>
  <sequence>15</sequence>
  <logger>ESPlorer.ESPlorer</logger>
  <level>INFO</level>
  <class>ESPlorer.ESPlorer</class>
  <method>log</method>
  <thread>14</thread>
  <message>Scan done.</message>
</record>
<record>
  <date>2018-12-15T17:26:02</date>
  <millis>1544901962862</millis>
  <sequence>16</sequence>
  <logger>ESPlorer.ESPlorer</logger>
  <level>INFO</level>
  <class>ESPlorer.ESPlorer</class>
  <method>log</method>
  <thread>14</thread>
  <message>Serial port COM3 save as default.</message>
</record>
<record>
  <date>2018-12-15T17:26:02</date>
  <millis>1544901962915</millis>
  <sequence>17</sequence>
  <logger>ESPlorer.ESPlorer</logger>
  <level>INFO</level>
  <class>ESPlorer.ESPlorer</class>
  <method>log</method>
  <thread>14</thread>
  <message>Baud rate 115200 save as default.</message>
</record>
<record>
  <date>2018-12-15T17:26:02</date>
  <millis>1544901962957</millis>
  <sequence>18</sequence>
  <logger>ESPlorer.ESPlorer</logger>
  <level>INFO</level>
  <class>ESPlorer.ESPlorer</class>
  <method>log</method>
  <thread>14</thread>
  <message>Try to open port COM3, baud 115200, 8N1</message>
</record>
<record>
  <date>2018-12-15T17:26:05</date>
  <millis>1544901965265</millis>
  <sequence>19</sequence>
  <logger>ESPlorer.ESPlorer</logger>
  <level>INFO</level>
  <class>ESPlorer.ESPlorer</class>
  <method>log</method>
  <thread>14</thread>
  <message>Open port COM3 - Success.</message>
</record>
<record>
  <date>2018-12-15T17:26:35</date>
  <millis>1544901995673</millis>
  <sequence>20</sequence>
  <logger>ESPlorer.ESPlorer</logger>
  <level>INFO</level>
  <class>ESPlorer.ESPlorer</class>
  <method>log</method>
  <thread>14</thread>
  <message>Close port COM3 - Success.</message>
</record>
<record>
  <date>2018-12-15T17:29:00</date>
  <millis>1544902140392</millis>
  <sequence>21</sequence>
  <logger>ESPlorer.ESPlorer</logger>
  <level>INFO</level>
  <class>ESPlorer.ESPlorer</class>
  <method>log</method>
  <thread>14</thread>
  <message>jssc.SerialPortException: Port name - COM3; Method name - setRTS(); Exception type - Port not opened.</message>
</record>
<record>
  <date>2018-12-15T17:29:00</date>
  <millis>1544902140404</millis>
  <sequence>22</sequence>
  <logger>ESPlorer.ESPlorer</logger>
  <level>INFO</level>
  <class>ESPlorer.ESPlorer</class>
  <method>log</method>
  <thread>14</thread>
  <message>Can't change RTS state</message>
</record>
<record>
  <date>2018-12-15T17:29:00</date>
  <millis>1544902140772</millis>
  <sequence>23</sequence>
  <logger>ESPlorer.ESPlorer</logger>
  <level>INFO</level>
  <class>ESPlorer.ESPlorer</class>
  <method>log</method>
  <thread>14</thread>
  <message>jssc.SerialPortException: Port name - COM3; Method name - setDTR(); Exception type - Port not opened.</message>
</record>
<record>
  <date>2018-12-15T17:29:00</date>
  <millis>1544902140843</millis>
  <sequence>24</sequence>
  <logger>ESPlorer.ESPlorer</logger>
  <level>INFO</level>
  <class>ESPlorer.ESPlorer</class>
  <method>log</method>
  <thread>14</thread>
  <message>Can't change DTR state</message>
</record>
<record>
  <date>2018-12-15T17:29:01</date>
  <millis>1544902141210</millis>
  <sequence>25</sequence>
  <logger>ESPlorer.ESPlorer</logger>
  <level>INFO</level>
  <class>ESPlorer.ESPlorer</class>
  <method>log</method>
  <thread>14</thread>
  <message>jssc.SerialPortException: Port name - COM3; Method name - setDTR(); Exception type - Port not opened.</message>
</record>
<record>
  <date>2018-12-15T17:29:01</date>
  <millis>1544902141281</millis>
  <sequence>26</sequence>
  <logger>ESPlorer.ESPlorer</logger>
  <level>INFO</level>
  <class>ESPlorer.ESPlorer</class>
  <method>log</method>
  <thread>14</thread>
  <message>Can't change DTR state</message>
</record>
<record>
  <date>2018-12-15T17:29:01</date>
  <millis>1544902141686</millis>
  <sequence>27</sequence>
  <logger>ESPlorer.ESPlorer</logger>
  <level>INFO</level>
  <class>ESPlorer.ESPlorer</class>
  <method>log</method>
  <thread>14</thread>
  <message>jssc.SerialPortException: Port name - COM3; Method name - setRTS(); Exception type - Port not opened.</message>
</record>
<record>
  <date>2018-12-15T17:29:01</date>
  <millis>1544902141757</millis>
  <sequence>28</sequence>
  <logger>ESPlorer.ESPlorer</logger>
  <level>INFO</level>
  <class>ESPlorer.ESPlorer</class>
  <method>log</method>
  <thread>14</thread>
  <message>Can't change RTS state</message>
</record>
<record>
  <date>2018-12-15T17:29:02</date>
  <millis>1544902142451</millis>
  <sequence>29</sequence>
  <logger>ESPlorer.ESPlorer</logger>
  <level>INFO</level>
  <class>ESPlorer.ESPlorer</class>
  <method>log</method>
  <thread>14</thread>
  <message>Serial port COM3 save as default.</message>
</record>
<record>
  <date>2018-12-15T17:29:02</date>
  <millis>1544902142549</millis>
  <sequence>30</sequence>
  <logger>ESPlorer.ESPlorer</logger>
  <level>INFO</level>
  <class>ESPlorer.ESPlorer</class>
  <method>log</method>
  <thread>14</thread>
  <message>Baud rate 115200 save as default.</message>
</record>
<record>
  <date>2018-12-15T17:29:02</date>
  <millis>1544902142629</millis>
  <sequence>31</sequence>
  <logger>ESPlorer.ESPlorer</logger>
  <level>INFO</level>
  <class>ESPlorer.ESPlorer</class>
  <method>log</method>
  <thread>14</thread>
  <message>Try to open port COM3, baud 115200, 8N1</message>
</record>
<record>
  <date>2018-12-15T17:29:02</date>
  <millis>1544902142759</millis>
  <sequence>32</sequence>
  <logger>ESPlorer.ESPlorer</logger>
  <level>INFO</level>
  <class>ESPlorer.ESPlorer</class>
  <method>log</method>
  <thread>14</thread>
  <message>Open port COM3 - Success.</message>
</record>
<record>
  <date>2018-12-15T17:29:04</date>
  <millis>1544902144485</millis>
  <sequence>33</sequence>
  <logger>ESPlorer.ESPlorer</logger>
  <level>INFO</level>
  <class>ESPlorer.ESPlorer</class>
  <method>log</method>
  <thread>14</thread>
  <message>RTS set to ON</message>
</record>
<record>
  <date>2018-12-15T17:29:05</date>
  <millis>1544902145215</millis>
  <sequence>34</sequence>
  <logger>ESPlorer.ESPlorer</logger>
  <level>INFO</level>
  <class>ESPlorer.ESPlorer</class>
  <method>log</method>
  <thread>14</thread>
  <message>DTR set to ON</message>
</record>
<record>
  <date>2018-12-15T17:48:00</date>
  <millis>1544903280983</millis>
  <sequence>35</sequence>
  <logger>ESPlorer.ESPlorer</logger>
  <level>INFO</level>
  <class>ESPlorer.ESPlorer</class>
  <method>log</method>
  <thread>14</thread>
  <message>jssc.SerialPortException: Port name - COM3; Method name - setEventsMask(); Exception type - Can't set mask.</message>
</record>
<record>
  <date>2018-12-15T17:48:01</date>
  <millis>1544903281002</millis>
  <sequence>36</sequence>
  <logger>ESPlorer.ESPlorer</logger>
  <level>INFO</level>
  <class>ESPlorer.ESPlorer</class>
  <method>log</method>
  <thread>14</thread>
  <message>Close port COM3 - unknown error.</message>
</record>
<record>
  <date>2018-12-15T17:48:01</date>
  <millis>1544903281913</millis>
  <sequence>37</sequence>
  <logger>ESPlorer.ESPlorer</logger>
  <level>INFO</level>
  <class>ESPlorer.ESPlorer</class>
  <method>log</method>
  <thread>14</thread>
  <message>Serial port COM3 save as default.</message>
</record>
<record>
  <date>2018-12-15T17:48:01</date>
  <millis>1544903281970</millis>
  <sequence>38</sequence>
  <logger>ESPlorer.ESPlorer</logger>
  <level>INFO</level>
  <class>ESPlorer.ESPlorer</class>
  <method>log</method>
  <thread>14</thread>
  <message>Baud rate 115200 save as default.</message>
</record>
<record>
  <date>2018-12-15T17:48:01</date>
  <millis>1544903281970</millis>
  <sequence>39</sequence>
  <logger>ESPlorer.ESPlorer</logger>
  <level>INFO</level>
  <class>ESPlorer.ESPlorer</class>
  <method>log</method>
  <thread>14</thread>
  <message>Try to open port COM3, baud 115200, 8N1</message>
</record>
<record>
  <date>2018-12-15T17:48:02</date>
  <millis>1544903282103</millis>
  <sequence>40</sequence>
  <logger>ESPlorer.ESPlorer</logger>
  <level>INFO</level>
  <class>ESPlorer.ESPlorer</class>
  <method>log</method>
  <thread>14</thread>
  <message>Open port COM3 - Success.</message>
</record>
<record>
  <date>2018-12-15T17:48:10</date>
  <millis>1544903290771</millis>
  <sequence>41</sequence>
  <logger>ESPlorer.ESPlorer</logger>
  <level>INFO</level>
  <class>ESPlorer.ESPlorer</class>
  <method>log</method>
  <thread>14</thread>
  <message>Close port COM3 - Success.</message>
</record>
